     1 00000000                                 [FORMAT "WCOFF"]
     2 00000000                                 [INSTRSET "i486p"]
     3 00000000                                 [OPTIMIZE 1]
     4 00000000                                 [OPTION 1]
     5 00000000                                 [BITS 32]
     6 00000000                                 	EXTERN	_io_load_eflags
     7 00000000                                 	EXTERN	_io_cli
     8 00000000                                 	EXTERN	_io_out8
     9 00000000                                 	EXTERN	_io_store_eflags
    10 00000000                                 	EXTERN	_hankaku
    11 00000000                                 [FILE "graphic.c"]
    12                                          [SECTION .text]
    13 00000000                                 	GLOBAL	_init_screen
    14 00000000                                 _init_screen:
    15 00000000 55                              	PUSH	EBP
    16 00000001 89 E5                           	MOV	EBP,ESP
    17 00000003 57                              	PUSH	EDI
    18 00000004 56                              	PUSH	ESI
    19 00000005 53                              	PUSH	EBX
    20 00000006 83 EC 0C                        	SUB	ESP,12
    21 00000009 8B 45 10                        	MOV	EAX,DWORD [16+EBP]
    22 0000000C 8B 7D 0C                        	MOV	EDI,DWORD [12+EBP]
    23 0000000F 83 E8 1D                        	SUB	EAX,29
    24 00000012 4F                              	DEC	EDI
    25 00000013 50                              	PUSH	EAX
    26 00000014 57                              	PUSH	EDI
    27 00000015 6A 00                           	PUSH	0
    28 00000017 6A 00                           	PUSH	0
    29 00000019 6A 0D                           	PUSH	13
    30 0000001B FF 75 0C                        	PUSH	DWORD [12+EBP]
    31 0000001E FF 75 08                        	PUSH	DWORD [8+EBP]
    32 00000021 E8 00000200                     	CALL	_boxfill8
    33 00000026 8B 45 10                        	MOV	EAX,DWORD [16+EBP]
    34 00000029 83 E8 1C                        	SUB	EAX,28
    35 0000002C 50                              	PUSH	EAX
    36 0000002D 57                              	PUSH	EDI
    37 0000002E 50                              	PUSH	EAX
    38 0000002F 6A 00                           	PUSH	0
    39 00000031 6A 08                           	PUSH	8
    40 00000033 FF 75 0C                        	PUSH	DWORD [12+EBP]
    41 00000036 FF 75 08                        	PUSH	DWORD [8+EBP]
    42 00000039 E8 000001E8                     	CALL	_boxfill8
    43 0000003E 8B 45 10                        	MOV	EAX,DWORD [16+EBP]
    44 00000041 83 C4 38                        	ADD	ESP,56
    45 00000044 83 E8 1B                        	SUB	EAX,27
    46 00000047 50                              	PUSH	EAX
    47 00000048 57                              	PUSH	EDI
    48 00000049 50                              	PUSH	EAX
    49 0000004A 6A 00                           	PUSH	0
    50 0000004C 6A 07                           	PUSH	7
    51 0000004E FF 75 0C                        	PUSH	DWORD [12+EBP]
    52 00000051 FF 75 08                        	PUSH	DWORD [8+EBP]
    53 00000054 E8 000001CD                     	CALL	_boxfill8
    54 00000059 8B 45 10                        	MOV	EAX,DWORD [16+EBP]
    55 0000005C 48                              	DEC	EAX
    56 0000005D 50                              	PUSH	EAX
    57 0000005E 8B 45 10                        	MOV	EAX,DWORD [16+EBP]
    58 00000061 57                              	PUSH	EDI
    59 00000062 83 E8 1A                        	SUB	EAX,26
    60 00000065 50                              	PUSH	EAX
    61 00000066 6A 00                           	PUSH	0
    62 00000068 6A 08                           	PUSH	8
    63 0000006A FF 75 0C                        	PUSH	DWORD [12+EBP]
    64 0000006D FF 75 08                        	PUSH	DWORD [8+EBP]
    65 00000070 E8 000001B1                     	CALL	_boxfill8
    66 00000075 8B 75 10                        	MOV	ESI,DWORD [16+EBP]
    67 00000078 83 C4 38                        	ADD	ESP,56
    68 0000007B 83 EE 18                        	SUB	ESI,24
    69 0000007E 56                              	PUSH	ESI
    70 0000007F 6A 3B                           	PUSH	59
    71 00000081 56                              	PUSH	ESI
    72 00000082 6A 03                           	PUSH	3
    73 00000084 6A 07                           	PUSH	7
    74 00000086 FF 75 0C                        	PUSH	DWORD [12+EBP]
    75 00000089 FF 75 08                        	PUSH	DWORD [8+EBP]
    76 0000008C E8 00000195                     	CALL	_boxfill8
    77 00000091 8B 45 10                        	MOV	EAX,DWORD [16+EBP]
    78 00000094 83 E8 04                        	SUB	EAX,4
    79 00000097 50                              	PUSH	EAX
    80 00000098 89 45 F0                        	MOV	DWORD [-16+EBP],EAX
    81 0000009B 6A 02                           	PUSH	2
    82 0000009D 56                              	PUSH	ESI
    83 0000009E 6A 02                           	PUSH	2
    84 000000A0 6A 07                           	PUSH	7
    85 000000A2 FF 75 0C                        	PUSH	DWORD [12+EBP]
    86 000000A5 FF 75 08                        	PUSH	DWORD [8+EBP]
    87 000000A8 E8 00000179                     	CALL	_boxfill8
    88 000000AD 83 C4 38                        	ADD	ESP,56
    89 000000B0 FF 75 F0                        	PUSH	DWORD [-16+EBP]
    90 000000B3 6A 3B                           	PUSH	59
    91 000000B5 FF 75 F0                        	PUSH	DWORD [-16+EBP]
    92 000000B8 6A 03                           	PUSH	3
    93 000000BA 6A 0F                           	PUSH	15
    94 000000BC FF 75 0C                        	PUSH	DWORD [12+EBP]
    95 000000BF FF 75 08                        	PUSH	DWORD [8+EBP]
    96 000000C2 E8 0000015F                     	CALL	_boxfill8
    97 000000C7 8B 45 10                        	MOV	EAX,DWORD [16+EBP]
    98 000000CA 83 E8 05                        	SUB	EAX,5
    99 000000CD 50                              	PUSH	EAX
   100 000000CE 8B 45 10                        	MOV	EAX,DWORD [16+EBP]
   101 000000D1 6A 3B                           	PUSH	59
   102 000000D3 83 E8 17                        	SUB	EAX,23
   103 000000D6 50                              	PUSH	EAX
   104 000000D7 89 45 EC                        	MOV	DWORD [-20+EBP],EAX
   105 000000DA 6A 3B                           	PUSH	59
   106 000000DC 6A 0F                           	PUSH	15
   107 000000DE FF 75 0C                        	PUSH	DWORD [12+EBP]
   108 000000E1 FF 75 08                        	PUSH	DWORD [8+EBP]
   109 000000E4 E8 0000013D                     	CALL	_boxfill8
   110 000000E9 8B 45 10                        	MOV	EAX,DWORD [16+EBP]
   111 000000EC 83 C4 38                        	ADD	ESP,56
   112 000000EF 83 E8 03                        	SUB	EAX,3
   113 000000F2 89 45 E8                        	MOV	DWORD [-24+EBP],EAX
   114 000000F5 50                              	PUSH	EAX
   115 000000F6 6A 3B                           	PUSH	59
   116 000000F8 50                              	PUSH	EAX
   117 000000F9 6A 02                           	PUSH	2
   118 000000FB 6A 00                           	PUSH	0
   119 000000FD FF 75 0C                        	PUSH	DWORD [12+EBP]
   120 00000100 FF 75 08                        	PUSH	DWORD [8+EBP]
   121 00000103 E8 0000011E                     	CALL	_boxfill8
   122 00000108 FF 75 E8                        	PUSH	DWORD [-24+EBP]
   123 0000010B 6A 3C                           	PUSH	60
   124 0000010D 56                              	PUSH	ESI
   125 0000010E 6A 3C                           	PUSH	60
   126 00000110 6A 00                           	PUSH	0
   127 00000112 FF 75 0C                        	PUSH	DWORD [12+EBP]
   128 00000115 FF 75 08                        	PUSH	DWORD [8+EBP]
   129 00000118 E8 00000109                     	CALL	_boxfill8
   130 0000011D 8B 7D 0C                        	MOV	EDI,DWORD [12+EBP]
   131 00000120 83 C4 38                        	ADD	ESP,56
   132 00000123 8B 5D 0C                        	MOV	EBX,DWORD [12+EBP]
   133 00000126 83 EB 04                        	SUB	EBX,4
   134 00000129 83 EF 2F                        	SUB	EDI,47
   135 0000012C 56                              	PUSH	ESI
   136 0000012D 53                              	PUSH	EBX
   137 0000012E 56                              	PUSH	ESI
   138 0000012F 57                              	PUSH	EDI
   139 00000130 6A 0F                           	PUSH	15
   140 00000132 FF 75 0C                        	PUSH	DWORD [12+EBP]
   141 00000135 FF 75 08                        	PUSH	DWORD [8+EBP]
   142 00000138 E8 000000E9                     	CALL	_boxfill8
   143 0000013D FF 75 F0                        	PUSH	DWORD [-16+EBP]
   144 00000140 57                              	PUSH	EDI
   145 00000141 FF 75 EC                        	PUSH	DWORD [-20+EBP]
   146 00000144 57                              	PUSH	EDI
   147 00000145 6A 0F                           	PUSH	15
   148 00000147 FF 75 0C                        	PUSH	DWORD [12+EBP]
   149 0000014A FF 75 08                        	PUSH	DWORD [8+EBP]
   150 0000014D E8 000000D4                     	CALL	_boxfill8
   151 00000152 83 C4 38                        	ADD	ESP,56
   152 00000155 FF 75 E8                        	PUSH	DWORD [-24+EBP]
   153 00000158 53                              	PUSH	EBX
   154 00000159 FF 75 E8                        	PUSH	DWORD [-24+EBP]
   155 0000015C 57                              	PUSH	EDI
   156 0000015D 6A 07                           	PUSH	7
   157 0000015F FF 75 0C                        	PUSH	DWORD [12+EBP]
   158 00000162 FF 75 08                        	PUSH	DWORD [8+EBP]
   159 00000165 E8 000000BC                     	CALL	_boxfill8
   160 0000016A 8B 45 0C                        	MOV	EAX,DWORD [12+EBP]
   161 0000016D FF 75 E8                        	PUSH	DWORD [-24+EBP]
   162 00000170 83 E8 03                        	SUB	EAX,3
   163 00000173 50                              	PUSH	EAX
   164 00000174 56                              	PUSH	ESI
   165 00000175 50                              	PUSH	EAX
   166 00000176 6A 07                           	PUSH	7
   167 00000178 FF 75 0C                        	PUSH	DWORD [12+EBP]
   168 0000017B FF 75 08                        	PUSH	DWORD [8+EBP]
   169 0000017E E8 000000A3                     	CALL	_boxfill8
   170 00000183 8D 65 F4                        	LEA	ESP,DWORD [-12+EBP]
   171 00000186 5B                              	POP	EBX
   172 00000187 5E                              	POP	ESI
   173 00000188 5F                              	POP	EDI
   174 00000189 5D                              	POP	EBP
   175 0000018A C3                              	RET
   176                                          [SECTION .data]
   177 00000000                                 _table_rgb.0:
   178 00000000 00                              	DB	0
   179 00000001 00                              	DB	0
   180 00000002 00                              	DB	0
   181 00000003 FF                              	DB	-1
   182 00000004 00                              	DB	0
   183 00000005 00                              	DB	0
   184 00000006 00                              	DB	0
   185 00000007 FF                              	DB	-1
   186 00000008 00                              	DB	0
   187 00000009 FF                              	DB	-1
   188 0000000A FF                              	DB	-1
   189 0000000B 00                              	DB	0
   190 0000000C 00                              	DB	0
   191 0000000D 00                              	DB	0
   192 0000000E FF                              	DB	-1
   193 0000000F FF                              	DB	-1
   194 00000010 00                              	DB	0
   195 00000011 FF                              	DB	-1
   196 00000012 00                              	DB	0
   197 00000013 FF                              	DB	-1
   198 00000014 FF                              	DB	-1
   199 00000015 FF                              	DB	-1
   200 00000016 FF                              	DB	-1
   201 00000017 FF                              	DB	-1
   202 00000018 C6                              	DB	-58
   203 00000019 C6                              	DB	-58
   204 0000001A C6                              	DB	-58
   205 0000001B 84                              	DB	-124
   206 0000001C 00                              	DB	0
   207 0000001D 00                              	DB	0
   208 0000001E 00                              	DB	0
   209 0000001F 84                              	DB	-124
   210 00000020 00                              	DB	0
   211 00000021 84                              	DB	-124
   212 00000022 84                              	DB	-124
   213 00000023 00                              	DB	0
   214 00000024 00                              	DB	0
   215 00000025 00                              	DB	0
   216 00000026 84                              	DB	-124
   217 00000027 84                              	DB	-124
   218 00000028 00                              	DB	0
   219 00000029 84                              	DB	-124
   220 0000002A 00                              	DB	0
   221 0000002B 84                              	DB	-124
   222 0000002C 84                              	DB	-124
   223 0000002D 84                              	DB	-124
   224 0000002E 84                              	DB	-124
   225 0000002F 84                              	DB	-124
   226                                          [SECTION .text]
   227 0000018B                                 	GLOBAL	_init_palette
   228 0000018B                                 _init_palette:
   229 0000018B 55                              	PUSH	EBP
   230 0000018C 89 E5                           	MOV	EBP,ESP
   231 0000018E 68 [00000000]                   	PUSH	_table_rgb.0
   232 00000193 6A 0F                           	PUSH	15
   233 00000195 6A 00                           	PUSH	0
   234 00000197 E8 00000002                     	CALL	_set_palette
   235 0000019C C9                              	LEAVE
   236 0000019D C3                              	RET
   237 0000019E                                 	GLOBAL	_set_palette
   238 0000019E                                 _set_palette:
   239 0000019E 55                              	PUSH	EBP
   240 0000019F 89 E5                           	MOV	EBP,ESP
   241 000001A1 57                              	PUSH	EDI
   242 000001A2 56                              	PUSH	ESI
   243 000001A3 53                              	PUSH	EBX
   244 000001A4 51                              	PUSH	ECX
   245 000001A5 8B 5D 08                        	MOV	EBX,DWORD [8+EBP]
   246 000001A8 8B 7D 0C                        	MOV	EDI,DWORD [12+EBP]
   247 000001AB 8B 75 10                        	MOV	ESI,DWORD [16+EBP]
   248 000001AE E8 [00000000]                   	CALL	_io_load_eflags
   249 000001B3 89 45 F0                        	MOV	DWORD [-16+EBP],EAX
   250 000001B6 E8 [00000000]                   	CALL	_io_cli
   251 000001BB 53                              	PUSH	EBX
   252 000001BC 68 000003C8                     	PUSH	968
   253 000001C1 E8 [00000000]                   	CALL	_io_out8
   254 000001C6 39 FB                           	CMP	EBX,EDI
   255 000001C8 58                              	POP	EAX
   256 000001C9 5A                              	POP	EDX
   257 000001CA 7E 12                           	JLE	L8
   258 000001CC                                 L10:
   259 000001CC 8B 45 F0                        	MOV	EAX,DWORD [-16+EBP]
   260 000001CF 89 45 08                        	MOV	DWORD [8+EBP],EAX
   261 000001D2 8D 65 F4                        	LEA	ESP,DWORD [-12+EBP]
   262 000001D5 5B                              	POP	EBX
   263 000001D6 5E                              	POP	ESI
   264 000001D7 5F                              	POP	EDI
   265 000001D8 5D                              	POP	EBP
   266 000001D9 E9 [00000000]                   	JMP	_io_store_eflags
   267 000001DE                                 L8:
   268 000001DE 8A 06                           	MOV	AL,BYTE [ESI]
   269 000001E0 43                              	INC	EBX
   270 000001E1 C0 E8 02                        	SHR	AL,2
   271 000001E4 0F B6 C0                        	MOVZX	EAX,AL
   272 000001E7 50                              	PUSH	EAX
   273 000001E8 68 000003C9                     	PUSH	969
   274 000001ED E8 [00000000]                   	CALL	_io_out8
   275 000001F2 8A 46 01                        	MOV	AL,BYTE [1+ESI]
   276 000001F5 C0 E8 02                        	SHR	AL,2
   277 000001F8 0F B6 C0                        	MOVZX	EAX,AL
   278 000001FB 50                              	PUSH	EAX
   279 000001FC 68 000003C9                     	PUSH	969
   280 00000201 E8 [00000000]                   	CALL	_io_out8
   281 00000206 8A 46 02                        	MOV	AL,BYTE [2+ESI]
   282 00000209 C0 E8 02                        	SHR	AL,2
   283 0000020C 83 C6 03                        	ADD	ESI,3
   284 0000020F 0F B6 C0                        	MOVZX	EAX,AL
   285 00000212 50                              	PUSH	EAX
   286 00000213 68 000003C9                     	PUSH	969
   287 00000218 E8 [00000000]                   	CALL	_io_out8
   288 0000021D 83 C4 18                        	ADD	ESP,24
   289 00000220 39 FB                           	CMP	EBX,EDI
   290 00000222 7E BA                           	JLE	L8
   291 00000224 EB A6                           	JMP	L10
   292 00000226                                 	GLOBAL	_boxfill8
   293 00000226                                 _boxfill8:
   294 00000226 55                              	PUSH	EBP
   295 00000227 89 E5                           	MOV	EBP,ESP
   296 00000229 57                              	PUSH	EDI
   297 0000022A 56                              	PUSH	ESI
   298 0000022B 53                              	PUSH	EBX
   299 0000022C 57                              	PUSH	EDI
   300 0000022D 57                              	PUSH	EDI
   301 0000022E 8A 45 10                        	MOV	AL,BYTE [16+EBP]
   302 00000231 8B 4D 18                        	MOV	ECX,DWORD [24+EBP]
   303 00000234 8B 7D 1C                        	MOV	EDI,DWORD [28+EBP]
   304 00000237 88 45 F3                        	MOV	BYTE [-13+EBP],AL
   305 0000023A 3B 4D 20                        	CMP	ECX,DWORD [32+EBP]
   306 0000023D 7F 31                           	JG	L23
   307 0000023F 8B 5D 0C                        	MOV	EBX,DWORD [12+EBP]
   308 00000242 0F AF D9                        	IMUL	EBX,ECX
   309 00000245                                 L21:
   310 00000245 8B 55 14                        	MOV	EDX,DWORD [20+EBP]
   311 00000248 39 FA                           	CMP	EDX,EDI
   312 0000024A 7F 1B                           	JG	L25
   313 0000024C 8B 75 08                        	MOV	ESI,DWORD [8+EBP]
   314 0000024F 01 DE                           	ADD	ESI,EBX
   315 00000251 01 D6                           	ADD	ESI,EDX
   316 00000253 89 75 EC                        	MOV	DWORD [-20+EBP],ESI
   317 00000256                                 L20:
   318 00000256 8B 75 EC                        	MOV	ESI,DWORD [-20+EBP]
   319 00000259 8A 45 F3                        	MOV	AL,BYTE [-13+EBP]
   320 0000025C 42                              	INC	EDX
   321 0000025D 88 06                           	MOV	BYTE [ESI],AL
   322 0000025F 46                              	INC	ESI
   323 00000260 89 75 EC                        	MOV	DWORD [-20+EBP],ESI
   324 00000263 39 FA                           	CMP	EDX,EDI
   325 00000265 7E EF                           	JLE	L20
   326 00000267                                 L25:
   327 00000267 41                              	INC	ECX
   328 00000268 03 5D 0C                        	ADD	EBX,DWORD [12+EBP]
   329 0000026B 3B 4D 20                        	CMP	ECX,DWORD [32+EBP]
   330 0000026E 7E D5                           	JLE	L21
   331 00000270                                 L23:
   332 00000270 5B                              	POP	EBX
   333 00000271 5E                              	POP	ESI
   334 00000272 5B                              	POP	EBX
   335 00000273 5E                              	POP	ESI
   336 00000274 5F                              	POP	EDI
   337 00000275 5D                              	POP	EBP
   338 00000276 C3                              	RET
   339 00000277                                 	GLOBAL	_putfont8
   340 00000277                                 _putfont8:
   341 00000277 55                              	PUSH	EBP
   342 00000278 89 E5                           	MOV	EBP,ESP
   343 0000027A 57                              	PUSH	EDI
   344 0000027B 56                              	PUSH	ESI
   345 0000027C 31 F6                           	XOR	ESI,ESI
   346 0000027E 53                              	PUSH	EBX
   347 0000027F 8B 7D 1C                        	MOV	EDI,DWORD [28+EBP]
   348 00000282 8A 5D 18                        	MOV	BL,BYTE [24+EBP]
   349 00000285                                 L39:
   350 00000285 8B 45 14                        	MOV	EAX,DWORD [20+EBP]
   351 00000288 8B 55 10                        	MOV	EDX,DWORD [16+EBP]
   352 0000028B 01 F0                           	ADD	EAX,ESI
   353 0000028D 0F AF 45 0C                     	IMUL	EAX,DWORD [12+EBP]
   354 00000291 03 45 08                        	ADD	EAX,DWORD [8+EBP]
   355 00000294 8D 0C 02                        	LEA	ECX,DWORD [EDX+EAX*1]
   356 00000297 8A 14 3E                        	MOV	DL,BYTE [ESI+EDI*1]
   357 0000029A 84 D2                           	TEST	DL,DL
   358 0000029C 79 02                           	JNS	L31
   359 0000029E 88 19                           	MOV	BYTE [ECX],BL
   360 000002A0                                 L31:
   361 000002A0 88 D0                           	MOV	AL,DL
   362 000002A2 83 E0 40                        	AND	EAX,64
   363 000002A5 84 C0                           	TEST	AL,AL
   364 000002A7 74 03                           	JE	L32
   365 000002A9 88 59 01                        	MOV	BYTE [1+ECX],BL
   366 000002AC                                 L32:
   367 000002AC 88 D0                           	MOV	AL,DL
   368 000002AE 83 E0 20                        	AND	EAX,32
   369 000002B1 84 C0                           	TEST	AL,AL
   370 000002B3 74 03                           	JE	L33
   371 000002B5 88 59 02                        	MOV	BYTE [2+ECX],BL
   372 000002B8                                 L33:
   373 000002B8 88 D0                           	MOV	AL,DL
   374 000002BA 83 E0 10                        	AND	EAX,16
   375 000002BD 84 C0                           	TEST	AL,AL
   376 000002BF 74 03                           	JE	L34
   377 000002C1 88 59 03                        	MOV	BYTE [3+ECX],BL
   378 000002C4                                 L34:
   379 000002C4 88 D0                           	MOV	AL,DL
   380 000002C6 83 E0 08                        	AND	EAX,8
   381 000002C9 84 C0                           	TEST	AL,AL
   382 000002CB 74 03                           	JE	L35
   383 000002CD 88 59 04                        	MOV	BYTE [4+ECX],BL
   384 000002D0                                 L35:
   385 000002D0 88 D0                           	MOV	AL,DL
   386 000002D2 83 E0 04                        	AND	EAX,4
   387 000002D5 84 C0                           	TEST	AL,AL
   388 000002D7 74 03                           	JE	L36
   389 000002D9 88 59 05                        	MOV	BYTE [5+ECX],BL
   390 000002DC                                 L36:
   391 000002DC 88 D0                           	MOV	AL,DL
   392 000002DE 83 E0 02                        	AND	EAX,2
   393 000002E1 84 C0                           	TEST	AL,AL
   394 000002E3 74 03                           	JE	L37
   395 000002E5 88 59 06                        	MOV	BYTE [6+ECX],BL
   396 000002E8                                 L37:
   397 000002E8 83 E2 01                        	AND	EDX,1
   398 000002EB 84 D2                           	TEST	DL,DL
   399 000002ED 74 03                           	JE	L29
   400 000002EF 88 59 07                        	MOV	BYTE [7+ECX],BL
   401 000002F2                                 L29:
   402 000002F2 46                              	INC	ESI
   403 000002F3 83 FE 0F                        	CMP	ESI,15
   404 000002F6 7E 8D                           	JLE	L39
   405 000002F8 5B                              	POP	EBX
   406 000002F9 5E                              	POP	ESI
   407 000002FA 5F                              	POP	EDI
   408 000002FB 5D                              	POP	EBP
   409 000002FC C3                              	RET
   410 000002FD                                 	GLOBAL	_putfonts8_asc
   411 000002FD                                 _putfonts8_asc:
   412 000002FD 55                              	PUSH	EBP
   413 000002FE 89 E5                           	MOV	EBP,ESP
   414 00000300 57                              	PUSH	EDI
   415 00000301 56                              	PUSH	ESI
   416 00000302 31 FF                           	XOR	EDI,EDI
   417 00000304 53                              	PUSH	EBX
   418 00000305 50                              	PUSH	EAX
   419 00000306 8A 45 18                        	MOV	AL,BYTE [24+EBP]
   420 00000309 8B 55 1C                        	MOV	EDX,DWORD [28+EBP]
   421 0000030C 88 45 F3                        	MOV	BYTE [-13+EBP],AL
   422 0000030F 8B 5D 10                        	MOV	EBX,DWORD [16+EBP]
   423 00000312 8B 75 14                        	MOV	ESI,DWORD [20+EBP]
   424 00000315 80 3A 00                        	CMP	BYTE [EDX],0
   425 00000318 75 08                           	JNE	L48
   426 0000031A                                 L50:
   427 0000031A 8D 65 F4                        	LEA	ESP,DWORD [-12+EBP]
   428 0000031D 5B                              	POP	EBX
   429 0000031E 5E                              	POP	ESI
   430 0000031F 5F                              	POP	EDI
   431 00000320 5D                              	POP	EBP
   432 00000321 C3                              	RET
   433 00000322                                 L48:
   434 00000322 8B 55 1C                        	MOV	EDX,DWORD [28+EBP]
   435 00000325 0F BE 04 17                     	MOVSX	EAX,BYTE [EDI+EDX*1]
   436 00000329 C1 E0 04                        	SAL	EAX,4
   437 0000032C 05 [00000000]                   	ADD	EAX,_hankaku
   438 00000331 50                              	PUSH	EAX
   439 00000332 0F BE 45 F3                     	MOVSX	EAX,BYTE [-13+EBP]
   440 00000336 50                              	PUSH	EAX
   441 00000337 56                              	PUSH	ESI
   442 00000338 53                              	PUSH	EBX
   443 00000339 83 C3 08                        	ADD	EBX,8
   444 0000033C FF 75 0C                        	PUSH	DWORD [12+EBP]
   445 0000033F FF 75 08                        	PUSH	DWORD [8+EBP]
   446 00000342 E8 FFFFFF30                     	CALL	_putfont8
   447 00000347 83 C4 18                        	ADD	ESP,24
   448 0000034A 3B 5D 0C                        	CMP	EBX,DWORD [12+EBP]
   449 0000034D 7C 05                           	JL	L45
   450 0000034F 31 DB                           	XOR	EBX,EBX
   451 00000351 83 C6 10                        	ADD	ESI,16
   452 00000354                                 L45:
   453 00000354 47                              	INC	EDI
   454 00000355 8B 45 1C                        	MOV	EAX,DWORD [28+EBP]
   455 00000358 80 3C 07 00                     	CMP	BYTE [EDI+EAX*1],0
   456 0000035C 75 C4                           	JNE	L48
   457 0000035E EB BA                           	JMP	L50
   458                                          [SECTION .data]
   459 00000030                                 _cursor.1:
   460 00000030 2A 2A 2A 2A 2A 2A 2A 2A 2A 2A   	DB	"**************.."
       0000003A 2A 2A 2A 2A 2E 2E 
   461 00000040 2A 4F 4F 4F 4F 4F 4F 4F 4F 4F   	DB	"*OOOOOOOOOOO*..."
       0000004A 4F 4F 2A 2E 2E 2E 
   462 00000050 2A 4F 4F 4F 4F 4F 4F 4F 4F 4F   	DB	"*OOOOOOOOOO*...."
       0000005A 4F 2A 2E 2E 2E 2E 
   463 00000060 2A 4F 4F 4F 4F 4F 4F 4F 4F 4F   	DB	"*OOOOOOOOO*....."
       0000006A 2A 2E 2E 2E 2E 2E 
   464 00000070 2A 4F 4F 4F 4F 4F 4F 4F 4F 2A   	DB	"*OOOOOOOO*......"
       0000007A 2E 2E 2E 2E 2E 2E 
   465 00000080 2A 4F 4F 4F 4F 4F 4F 4F 2A 2E   	DB	"*OOOOOOO*......."
       0000008A 2E 2E 2E 2E 2E 2E 
   466 00000090 2A 4F 4F 4F 4F 4F 4F 4F 2A 2E   	DB	"*OOOOOOO*......."
       0000009A 2E 2E 2E 2E 2E 2E 
   467 000000A0 2A 4F 4F 4F 4F 4F 4F 4F 4F 2A   	DB	"*OOOOOOOO*......"
       000000AA 2E 2E 2E 2E 2E 2E 
   468 000000B0 2A 4F 4F 4F 4F 2A 2A 4F 4F 4F   	DB	"*OOOO**OOO*....."
       000000BA 2A 2E 2E 2E 2E 2E 
   469 000000C0 2A 4F 4F 4F 2A 2E 2E 2A 4F 4F   	DB	"*OOO*..*OOO*...."
       000000CA 4F 2A 2E 2E 2E 2E 
   470 000000D0 2A 4F 4F 2A 2E 2E 2E 2E 2A 4F   	DB	"*OO*....*OOO*..."
       000000DA 4F 4F 2A 2E 2E 2E 
   471 000000E0 2A 4F 2A 2E 2E 2E 2E 2E 2E 2A   	DB	"*O*......*OOO*.."
       000000EA 4F 4F 4F 2A 2E 2E 
   472 000000F0 2A 2A 2E 2E 2E 2E 2E 2E 2E 2E   	DB	"**........*OOO*."
       000000FA 2A 4F 4F 4F 2A 2E 
   473 00000100 2A 2E 2E 2E 2E 2E 2E 2E 2E 2E   	DB	"*..........*OOO*"
       0000010A 2E 2A 4F 4F 4F 2A 
   474 00000110 2E 2E 2E 2E 2E 2E 2E 2E 2E 2E   	DB	"............*OO*"
       0000011A 2E 2E 2A 4F 4F 2A 
   475 00000120 2E 2E 2E 2E 2E 2E 2E 2E 2E 2E   	DB	".............***"
       0000012A 2E 2E 2E 2A 2A 2A 
   476                                          [SECTION .text]
   477 00000360                                 	GLOBAL	_init_mouse_cursor8
   478 00000360                                 _init_mouse_cursor8:
   479 00000360 55                              	PUSH	EBP
   480 00000361 89 E5                           	MOV	EBP,ESP
   481 00000363 57                              	PUSH	EDI
   482 00000364 56                              	PUSH	ESI
   483 00000365 31 FF                           	XOR	EDI,EDI
   484 00000367 53                              	PUSH	EBX
   485 00000368 31 DB                           	XOR	EBX,EBX
   486 0000036A 50                              	PUSH	EAX
   487 0000036B 8A 45 0C                        	MOV	AL,BYTE [12+EBP]
   488 0000036E 8B 75 08                        	MOV	ESI,DWORD [8+EBP]
   489 00000371 88 45 F3                        	MOV	BYTE [-13+EBP],AL
   490 00000374                                 L64:
   491 00000374 31 D2                           	XOR	EDX,EDX
   492 00000376                                 L63:
   493 00000376 8D 04 3A                        	LEA	EAX,DWORD [EDX+EDI*1]
   494 00000379 80 B8 [00000030] 2A             	CMP	BYTE [_cursor.1+EAX],42
   495 00000380 74 35                           	JE	L69
   496 00000382                                 L60:
   497 00000382 80 B8 [00000030] 4F             	CMP	BYTE [_cursor.1+EAX],79
   498 00000389 74 26                           	JE	L70
   499 0000038B                                 L61:
   500 0000038B 80 B8 [00000030] 2E             	CMP	BYTE [_cursor.1+EAX],46
   501 00000392 74 15                           	JE	L71
   502 00000394                                 L58:
   503 00000394 42                              	INC	EDX
   504 00000395 83 FA 0F                        	CMP	EDX,15
   505 00000398 7E DC                           	JLE	L63
   506 0000039A 43                              	INC	EBX
   507 0000039B 83 C7 10                        	ADD	EDI,16
   508 0000039E 83 FB 0F                        	CMP	EBX,15
   509 000003A1 7E D1                           	JLE	L64
   510 000003A3 58                              	POP	EAX
   511 000003A4 5B                              	POP	EBX
   512 000003A5 5E                              	POP	ESI
   513 000003A6 5F                              	POP	EDI
   514 000003A7 5D                              	POP	EBP
   515 000003A8 C3                              	RET
   516 000003A9                                 L71:
   517 000003A9 8A 4D F3                        	MOV	CL,BYTE [-13+EBP]
   518 000003AC 88 0C 30                        	MOV	BYTE [EAX+ESI*1],CL
   519 000003AF EB E3                           	JMP	L58
   520 000003B1                                 L70:
   521 000003B1 C6 04 30 07                     	MOV	BYTE [EAX+ESI*1],7
   522 000003B5 EB D4                           	JMP	L61
   523 000003B7                                 L69:
   524 000003B7 C6 04 30 00                     	MOV	BYTE [EAX+ESI*1],0
   525 000003BB EB C5                           	JMP	L60
   526 000003BD                                 	GLOBAL	_putblock8_8
   527 000003BD                                 _putblock8_8:
   528 000003BD 55                              	PUSH	EBP
   529 000003BE 89 E5                           	MOV	EBP,ESP
   530 000003C0 57                              	PUSH	EDI
   531 000003C1 56                              	PUSH	ESI
   532 000003C2 31 F6                           	XOR	ESI,ESI
   533 000003C4 53                              	PUSH	EBX
   534 000003C5 83 EC 0C                        	SUB	ESP,12
   535 000003C8 3B 75 14                        	CMP	ESI,DWORD [20+EBP]
   536 000003CB 7D 3C                           	JGE	L84
   537 000003CD 31 FF                           	XOR	EDI,EDI
   538 000003CF                                 L82:
   539 000003CF 31 DB                           	XOR	EBX,EBX
   540 000003D1 3B 5D 10                        	CMP	EBX,DWORD [16+EBP]
   541 000003D4 7D 2A                           	JGE	L86
   542 000003D6 8B 45 20                        	MOV	EAX,DWORD [32+EBP]
   543 000003D9 01 F8                           	ADD	EAX,EDI
   544 000003DB 89 45 EC                        	MOV	DWORD [-20+EBP],EAX
   545 000003DE                                 L81:
   546 000003DE 8B 45 1C                        	MOV	EAX,DWORD [28+EBP]
   547 000003E1 8B 55 EC                        	MOV	EDX,DWORD [-20+EBP]
   548 000003E4 01 F0                           	ADD	EAX,ESI
   549 000003E6 8B 4D 08                        	MOV	ECX,DWORD [8+EBP]
   550 000003E9 0F AF 45 0C                     	IMUL	EAX,DWORD [12+EBP]
   551 000003ED 03 45 18                        	ADD	EAX,DWORD [24+EBP]
   552 000003F0 8A 12                           	MOV	DL,BYTE [EDX]
   553 000003F2 01 D8                           	ADD	EAX,EBX
   554 000003F4 43                              	INC	EBX
   555 000003F5 88 14 08                        	MOV	BYTE [EAX+ECX*1],DL
   556 000003F8 FF 45 EC                        	INC	DWORD [-20+EBP]
   557 000003FB 3B 5D 10                        	CMP	EBX,DWORD [16+EBP]
   558 000003FE 7C DE                           	JL	L81
   559 00000400                                 L86:
   560 00000400 46                              	INC	ESI
   561 00000401 03 7D 24                        	ADD	EDI,DWORD [36+EBP]
   562 00000404 3B 75 14                        	CMP	ESI,DWORD [20+EBP]
   563 00000407 7C C6                           	JL	L82
   564 00000409                                 L84:
   565 00000409 83 C4 0C                        	ADD	ESP,12
   566 0000040C 5B                              	POP	EBX
   567 0000040D 5E                              	POP	ESI
   568 0000040E 5F                              	POP	EDI
   569 0000040F 5D                              	POP	EBP
   570 00000410 C3                              	RET
   571                                          [SECTION .data]
   572 00000130                                 _closebtn.2:
   573 00000130 4F 4F 4F 4F 4F 4F 4F 4F 4F 4F   	DB	"OOOOOOOOOOOOOOO@"
       0000013A 4F 4F 4F 4F 4F 40 
   574 00000140 4F 51 51 51 51 51 51 51 51 51   	DB	"OQQQQQQQQQQQQQ$@"
       0000014A 51 51 51 51 24 40 
   575 00000150 4F 51 51 51 51 51 51 51 51 51   	DB	"OQQQQQQQQQQQQQ$@"
       0000015A 51 51 51 51 24 40 
   576 00000160 4F 51 51 51 40 40 51 51 51 51   	DB	"OQQQ@@QQQQ@@QQ$@"
       0000016A 40 40 51 51 24 40 
   577 00000170 4F 51 51 51 51 40 40 51 51 40   	DB	"OQQQQ@@QQ@@QQQ$@"
       0000017A 40 51 51 51 24 40 
   578 00000180 4F 51 51 51 51 51 40 40 40 40   	DB	"OQQQQQ@@@@QQQQ$@"
       0000018A 51 51 51 51 24 40 
   579 00000190 4F 51 51 51 51 51 51 40 40 51   	DB	"OQQQQQQ@@QQQQQ$@"
       0000019A 51 51 51 51 24 40 
   580 000001A0 4F 51 51 51 51 51 40 40 40 40   	DB	"OQQQQQ@@@@QQQQ$@"
       000001AA 51 51 51 51 24 40 
   581 000001B0 4F 51 51 51 51 40 40 51 51 40   	DB	"OQQQQ@@QQ@@QQQ$@"
       000001BA 40 51 51 51 24 40 
   582 000001C0 4F 51 51 51 40 40 51 51 51 51   	DB	"OQQQ@@QQQQ@@QQ$@"
       000001CA 40 40 51 51 24 40 
   583 000001D0 4F 51 51 51 51 51 51 51 51 51   	DB	"OQQQQQQQQQQQQQ$@"
       000001DA 51 51 51 51 24 40 
   584 000001E0 4F 51 51 51 51 51 51 51 51 51   	DB	"OQQQQQQQQQQQQQ$@"
       000001EA 51 51 51 51 24 40 
   585 000001F0 4F 24 24 24 24 24 24 24 24 24   	DB	"O$$$$$$$$$$$$$$@"
       000001FA 24 24 24 24 24 40 
   586 00000200 40 40 40 40 40 40 40 40 40 40   	DB	"@@@@@@@@@@@@@@@@"
       0000020A 40 40 40 40 40 40 
   587                                          [SECTION .text]
   588 00000411                                 	GLOBAL	_make_window8
   589 00000411                                 _make_window8:
   590 00000411 55                              	PUSH	EBP
   591 00000412 89 E5                           	MOV	EBP,ESP
   592 00000414 57                              	PUSH	EDI
   593 00000415 56                              	PUSH	ESI
   594 00000416 53                              	PUSH	EBX
   595 00000417 83 EC 14                        	SUB	ESP,20
   596 0000041A 8B 5D 0C                        	MOV	EBX,DWORD [12+EBP]
   597 0000041D 6A 00                           	PUSH	0
   598 0000041F 8D 43 FF                        	LEA	EAX,DWORD [-1+EBX]
   599 00000422 8D 7B FE                        	LEA	EDI,DWORD [-2+EBX]
   600 00000425 50                              	PUSH	EAX
   601 00000426 89 45 EC                        	MOV	DWORD [-20+EBP],EAX
   602 00000429 6A 00                           	PUSH	0
   603 0000042B 6A 00                           	PUSH	0
   604 0000042D 6A 08                           	PUSH	8
   605 0000042F 53                              	PUSH	EBX
   606 00000430 FF 75 08                        	PUSH	DWORD [8+EBP]
   607 00000433 E8 FFFFFDEE                     	CALL	_boxfill8
   608 00000438 6A 01                           	PUSH	1
   609 0000043A 57                              	PUSH	EDI
   610 0000043B 6A 01                           	PUSH	1
   611 0000043D 6A 01                           	PUSH	1
   612 0000043F 6A 07                           	PUSH	7
   613 00000441 53                              	PUSH	EBX
   614 00000442 FF 75 08                        	PUSH	DWORD [8+EBP]
   615 00000445 E8 FFFFFDDC                     	CALL	_boxfill8
   616 0000044A 8B 55 10                        	MOV	EDX,DWORD [16+EBP]
   617 0000044D 83 C4 38                        	ADD	ESP,56
   618 00000450 4A                              	DEC	EDX
   619 00000451 89 55 E8                        	MOV	DWORD [-24+EBP],EDX
   620 00000454 52                              	PUSH	EDX
   621 00000455 6A 00                           	PUSH	0
   622 00000457 6A 00                           	PUSH	0
   623 00000459 6A 00                           	PUSH	0
   624 0000045B 6A 08                           	PUSH	8
   625 0000045D 53                              	PUSH	EBX
   626 0000045E FF 75 08                        	PUSH	DWORD [8+EBP]
   627 00000461 E8 FFFFFDC0                     	CALL	_boxfill8
   628 00000466 8B 75 10                        	MOV	ESI,DWORD [16+EBP]
   629 00000469 83 EE 02                        	SUB	ESI,2
   630 0000046C 56                              	PUSH	ESI
   631 0000046D 6A 01                           	PUSH	1
   632 0000046F 6A 01                           	PUSH	1
   633 00000471 6A 01                           	PUSH	1
   634 00000473 6A 07                           	PUSH	7
   635 00000475 53                              	PUSH	EBX
   636 00000476 FF 75 08                        	PUSH	DWORD [8+EBP]
   637 00000479 E8 FFFFFDA8                     	CALL	_boxfill8
   638 0000047E 83 C4 38                        	ADD	ESP,56
   639 00000481 56                              	PUSH	ESI
   640 00000482 57                              	PUSH	EDI
   641 00000483 6A 01                           	PUSH	1
   642 00000485 57                              	PUSH	EDI
   643 00000486 6A 0F                           	PUSH	15
   644 00000488 53                              	PUSH	EBX
   645 00000489 FF 75 08                        	PUSH	DWORD [8+EBP]
   646 0000048C E8 FFFFFD95                     	CALL	_boxfill8
   647 00000491 FF 75 E8                        	PUSH	DWORD [-24+EBP]
   648 00000494 FF 75 EC                        	PUSH	DWORD [-20+EBP]
   649 00000497 6A 00                           	PUSH	0
   650 00000499 FF 75 EC                        	PUSH	DWORD [-20+EBP]
   651 0000049C 6A 00                           	PUSH	0
   652 0000049E 53                              	PUSH	EBX
   653 0000049F FF 75 08                        	PUSH	DWORD [8+EBP]
   654 000004A2 E8 FFFFFD7F                     	CALL	_boxfill8
   655 000004A7 8B 45 10                        	MOV	EAX,DWORD [16+EBP]
   656 000004AA 83 C4 38                        	ADD	ESP,56
   657 000004AD 83 E8 03                        	SUB	EAX,3
   658 000004B0 50                              	PUSH	EAX
   659 000004B1 8D 43 FD                        	LEA	EAX,DWORD [-3+EBX]
   660 000004B4 50                              	PUSH	EAX
   661 000004B5 6A 02                           	PUSH	2
   662 000004B7 6A 02                           	PUSH	2
   663 000004B9 6A 08                           	PUSH	8
   664 000004BB 53                              	PUSH	EBX
   665 000004BC FF 75 08                        	PUSH	DWORD [8+EBP]
   666 000004BF E8 FFFFFD62                     	CALL	_boxfill8
   667 000004C4 8D 43 FC                        	LEA	EAX,DWORD [-4+EBX]
   668 000004C7 6A 14                           	PUSH	20
   669 000004C9 50                              	PUSH	EAX
   670 000004CA 6A 03                           	PUSH	3
   671 000004CC 6A 03                           	PUSH	3
   672 000004CE 6A 0C                           	PUSH	12
   673 000004D0 53                              	PUSH	EBX
   674 000004D1 FF 75 08                        	PUSH	DWORD [8+EBP]
   675 000004D4 E8 FFFFFD4D                     	CALL	_boxfill8
   676 000004D9 83 C4 38                        	ADD	ESP,56
   677 000004DC 56                              	PUSH	ESI
   678 000004DD 57                              	PUSH	EDI
   679 000004DE 56                              	PUSH	ESI
   680 000004DF 6A 01                           	PUSH	1
   681 000004E1 6A 0F                           	PUSH	15
   682 000004E3 53                              	PUSH	EBX
   683 000004E4 FF 75 08                        	PUSH	DWORD [8+EBP]
   684 000004E7 E8 FFFFFD3A                     	CALL	_boxfill8
   685 000004EC FF 75 E8                        	PUSH	DWORD [-24+EBP]
   686 000004EF FF 75 EC                        	PUSH	DWORD [-20+EBP]
   687 000004F2 FF 75 E8                        	PUSH	DWORD [-24+EBP]
   688 000004F5 6A 00                           	PUSH	0
   689 000004F7 6A 00                           	PUSH	0
   690 000004F9 6B F3 05                        	IMUL	ESI,EBX,5
   691 000004FC 53                              	PUSH	EBX
   692 000004FD FF 75 08                        	PUSH	DWORD [8+EBP]
   693 00000500 E8 FFFFFD21                     	CALL	_boxfill8
   694 00000505 83 C4 38                        	ADD	ESP,56
   695 00000508 FF 75 14                        	PUSH	DWORD [20+EBP]
   696 0000050B 6A 07                           	PUSH	7
   697 0000050D 6A 04                           	PUSH	4
   698 0000050F 6A 18                           	PUSH	24
   699 00000511 53                              	PUSH	EBX
   700 00000512 FF 75 08                        	PUSH	DWORD [8+EBP]
   701 00000515 E8 FFFFFDE3                     	CALL	_putfonts8_asc
   702 0000051A 83 C4 18                        	ADD	ESP,24
   703 0000051D C7 45 F0 00000000               	MOV	DWORD [-16+EBP],0
   704 00000524 C7 45 E0 00000000               	MOV	DWORD [-32+EBP],0
   705 0000052B                                 L103:
   706 0000052B 8D 04 1E                        	LEA	EAX,DWORD [ESI+EBX*1]
   707 0000052E 8B 55 08                        	MOV	EDX,DWORD [8+EBP]
   708 00000531 31 FF                           	XOR	EDI,EDI
   709 00000533 8D 4C 02 EB                     	LEA	ECX,DWORD [-21+EDX+EAX*1]
   710 00000537                                 L102:
   711 00000537 8B 45 E0                        	MOV	EAX,DWORD [-32+EBP]
   712 0000053A 8A 94 07 [00000130]             	MOV	DL,BYTE [_closebtn.2+EDI+EAX*1]
   713 00000541 80 FA 40                        	CMP	DL,64
   714 00000544 74 33                           	JE	L108
   715 00000546 80 FA 24                        	CMP	DL,36
   716 00000549 74 2A                           	JE	L109
   717 0000054B 80 FA 51                        	CMP	DL,81
   718 0000054E B2 08                           	MOV	DL,8
   719 00000550 0F 95 C0                        	SETNE	AL
   720 00000553 28 C2                           	SUB	DL,AL
   721 00000555                                 L97:
   722 00000555 47                              	INC	EDI
   723 00000556 88 11                           	MOV	BYTE [ECX],DL
   724 00000558 41                              	INC	ECX
   725 00000559 83 FF 0F                        	CMP	EDI,15
   726 0000055C 7E D9                           	JLE	L102
   727 0000055E FF 45 F0                        	INC	DWORD [-16+EBP]
   728 00000561 01 DE                           	ADD	ESI,EBX
   729 00000563 83 45 E0 10                     	ADD	DWORD [-32+EBP],16
   730 00000567 83 7D F0 0D                     	CMP	DWORD [-16+EBP],13
   731 0000056B 7E BE                           	JLE	L103
   732 0000056D 8D 65 F4                        	LEA	ESP,DWORD [-12+EBP]
   733 00000570 5B                              	POP	EBX
   734 00000571 5E                              	POP	ESI
   735 00000572 5F                              	POP	EDI
   736 00000573 5D                              	POP	EBP
   737 00000574 C3                              	RET
   738 00000575                                 L109:
   739 00000575 B2 0F                           	MOV	DL,15
   740 00000577 EB DC                           	JMP	L97
   741 00000579                                 L108:
   742 00000579 31 D2                           	XOR	EDX,EDX
   743 0000057B EB D8                           	JMP	L97
