     1 00000000                                 ; hello-os
     2 00000000                                 ; TAB=4
     3 00000000                                  
     4  = 0000000A                              	CYLS EQU 10			;define CYLS 10, cylinder 柱面个数	
     5                                          	ORG		0x7c00			 ;  ORG指令指明了程序的装填地址，即在内存中所在的地址，
     6 00007C00                                 							;其中地址0X7c00为当时IBM和英特尔设计人员规定的
     7 00007C00                                 
     8 00007C00                                 	; 以下的记述用于标准FAT12格式的软盘
     9 00007C00 EB 4D                           	JMP		entry			; 0xeb, 0x4e
    10 00007C02 90                              	DB		0x90
    11 00007C03 48 45 4C 4C 4F 49 50 4C         	DB		"HELLOIPL"		 ; 可以自由写扇区的名字（8字节）
    12 00007C0B 0200                            	DW		512				 ; 1扇区的大小（必需要512）
    13 00007C0D 01                              	DB		1				 ; 集群的大小（必需要做一个扇区）
    14 00007C0E 0001                            	DW		1			  	 ; FATA从这里开始（一般是从第一扇区开始）
    15 00007C10 02                              	DB		2				 ; FATA的个数（必须是2）
    16 00007C11 00E0                            	DW		224				 ; 根目录区域的大小（通常为224项）
    17 00007C13 0B40                            	DW		2880			 ; 该驱动器的大小（必须要为2880扇区）
    18 00007C15 F0                              	DB		0xf0			 ; 媒体类型（必须要做0 xf0）
    19 00007C16 0009                            	DW		9				 ; FATO区域的长度（必须要做9扇区）
    20 00007C18 0012                            	DW		18				 ; 1卡车上有几个扇区
    21 00007C1A 0002                            	DW		2				 ; 头数（必须要2）
    22 00007C1C 00000000                        	DD		0				 ; 因为没有使用分区，所以这里一定是0
    23 00007C20 00000B40                        	DD		2880			 ; 再写一次一个寄存器大小
    24 00007C24 00 00 29                        	DB		0,0,0x29		 ; 虽然不太明白，但是放在?个价?上就好了
    25 00007C27 FFFFFFFF                        	DD		0xffffffff		 ; 大概卷序列号
    26 00007C2B 48 41 52 49 42 4F 54 45 4F 53   	DB		"HARIBOTEOS"	 ; 磁盘名称（11字节）
    27 00007C35 46 41 54 31 32 20 20 20         	DB		"FAT12   "		 ; 格式名称（8字节）
    28 00007C3D 00 00 00 00 00 00 00 00 00 00   	RESB	18				 ; 先放18个字节
       00007C47 00 00 00 00 00 00 00 00 
    29 00007C4F                                 
    30 00007C4F                                 	; 程序核心
    31 00007C4F                                 entry:
    32 00007C4F B8 0000                         	MOV		AX,0			 ; 初始化寄存器
    33 00007C52 8E D0                           	MOV		SS,AX			 ;;SS-stack segment,堆栈段
    34 00007C54 BC 7C00                         	MOV		SP,0x7c00		 ;;SP-stack pointer,栈指针寄存器
    35 00007C57 8E D8                           	MOV		DS,AX			 ;;DS-data segment,数据段
    36 00007C59                                 	
    37 00007C59                                 ; 加载软盘内扇区的数据到指定地址处
    38 00007C59 B8 0820                         	mov ax,0x0820
    39 00007C5C 8E C0                           	mov es,ax	; es:bx 为读扇区后放入的地址，实际地址为es*16+bx
    40 00007C5E B5 00                           	mov ch,0	; 柱面号，共80个
    41 00007C60 B6 00                           	mov dh,0	; 磁头号，0正面，1反面
    42 00007C62 B1 02                           	mov cl,2	; 扇区号，18个，第一个放IPL引导程序
    43 00007C64                                 	
    44 00007C64                                 readloop:
    45 00007C64 BE 0000                         	mov si,0	; 用作计数器
    46 00007C67                                 retry:		; 每次读取一个扇区，重复读取五次，直到成功读取
    47 00007C67 B4 02                           	mov ah,0x02	; 读扇区功能
    48 00007C69 B0 01                           	mov al,1	; 读取扇区的数量
    49 00007C6B BB 0000                         	mov bx,0	; 目标地址
    50 00007C6E B2 00                           	mov dl,0x00	; 驱动器号，目前只有一个
    51 00007C70 CD 13                           	int 0x13	; 中断。读取成功 CF=0,否则CF=1，错误码再AH中
    52 00007C72 73 10                           	jnc	next	; 读取成功，jnc，cf为零时跳转
    53 00007C74 83 C6 01                        	add si,1	; 失败次数+1
    54 00007C77 83 FE 05                        	cmp si,5	; 是否失败了5次
    55 00007C7A 73 32                           	jae error	; 大于等于跳转
    56 00007C7C B4 00                           	mov ah,0x00
    57 00007C7E B2 00                           	mov dl,0x00	; 
    58 00007C80 CD 13                           	int 0x13	; 复位软盘状态，读取下一次
    59 00007C82 EB E3                           	jmp retry	
    60 00007C84                                 	
    61 00007C84                                 next:
    62 00007C84 8C C0                           	mov ax,es
    63 00007C86 05 0020                         	add ax,0x0020 ; (0x20*16=512B)
    64 00007C89 8E C0                           	mov es,ax	; 目的地址递增512，一个扇区512B
    65 00007C8B 80 C1 01                        	add cl,1	; 扇区号+1
    66 00007C8E 80 F9 12                        	cmp cl,18
    67 00007C91 76 D1                           	jbe readloop ; 如果小于等于18，继续读取
    68 00007C93 B1 01                           	mov cl,1
    69 00007C95 80 C6 01                        	add dh,1	; 读取反面
    70 00007C98 80 FE 02                        	cmp dh,2
    71 00007C9B 72 C7                           	jb readloop ; dh<2
    72 00007C9D B6 00                           	mov dh,0
    73 00007C9F 80 C5 01                        	add ch,1
    74 00007CA2                                 	
    75 00007CA2 80 FD 0A                        	cmp ch,CYLS	;
    76 00007CA5 72 BD                           	jb readloop ; 如果小于要读取的柱面继续读
    77 00007CA7                                 
    78 00007CA7                                 ;readFinish:
    79 00007CA7 88 2E 0FF0                      	mov [0x0ff0],ch ; 记录读取了多少柱面
    80 00007CAB E9 4552                         	jmp 0xc200 ;0x8000+0x4200;
    81 00007CAE                                 			   ;将文件拷贝到img后，0x4200为文件的内容地址
    82 00007CAE                                 
    83 00007CAE                                 error:
    84 00007CAE BE 7CC6                         	MOV		SI,msg			 ;;SI-source index,源变址寄存器
    85 00007CB1                                 	
    86 00007CB1                                 putloop:
    87 00007CB1 8A 04                           	MOV		AL,[SI]
    88 00007CB3 83 C6 01                        	ADD		SI,1			 ;让SI加1
    89 00007CB6 3C 00                           	CMP		AL,0
    90 00007CB8 74 09                           	JE		fin
    91 00007CBA B4 0E                           	MOV		AH,0x0e			 ; 指明一个文字
    92 00007CBC BB 000F                         	MOV		BX,15			 ; 指定字符颜色
    93 00007CBF CD 10                           	INT		0x10			 ; 调用显卡BIOS,16号中断
    94 00007CC1 EB EE                           	JMP		putloop
    95 00007CC3                                 
    96 00007CC3                                 fin:
    97 00007CC3 F4                              	HLT						 ; 让CPU停止，等待指令
    98 00007CC4 EB FD                           	JMP		fin				 ; 无限循环	
    99 00007CC6                                 
   100 00007CC6                                 msg:
   101 00007CC6 0A 0A                           	DB		0x0a, 0x0a		 ; 换行两次
   102 00007CC8 6C 6F 61 64 20 65 72 72 6F 72   	DB		"load error"
   103 00007CD2 0A                              	DB		0x0a			 ; 换行
   104 00007CD3 00                              	DB		0
   105 00007CD4                                 
   106 00007CD4 00 00 00 00 00 00 00 00 00 00   	RESB	0x7dfe-$		 ; 到0x7dfe在0x00中填入的命令
       00007CDE 00 00 00 00 00 00 00 00 00 00 
       00007CE8 00 00 00 00 00 00 00 00 00 00 
       00007CF2 00 00 00 00 00 00 00 00 00 00 
       00007CFC 00 00 00 00 00 00 00 00 00 00 
       00007D06 00 00 00 00 00 00 00 00 00 00 
       00007D10 00 00 00 00 00 00 00 00 00 00 
       00007D1A 00 00 00 00 00 00 00 00 00 00 
       00007D24 00 00 00 00 00 00 00 00 00 00 
       00007D2E 00 00 00 00 00 00 00 00 00 00 
       00007D38 00 00 00 00 00 00 00 00 00 00 
       00007D42 00 00 00 00 00 00 00 00 00 00 
       00007D4C 00 00 00 00 00 00 00 00 00 00 
       00007D56 00 00 00 00 00 00 00 00 00 00 
       00007D60 00 00 00 00 00 00 00 00 00 00 
       00007D6A 00 00 00 00 00 00 00 00 00 00 
       00007D74 00 00 00 00 00 00 00 00 00 00 
       00007D7E 00 00 00 00 00 00 00 00 00 00 
       00007D88 00 00 00 00 00 00 00 00 00 00 
       00007D92 00 00 00 00 00 00 00 00 00 00 
       00007D9C 00 00 00 00 00 00 00 00 00 00 
       00007DA6 00 00 00 00 00 00 00 00 00 00 
       00007DB0 00 00 00 00 00 00 00 00 00 00 
       00007DBA 00 00 00 00 00 00 00 00 00 00 
       00007DC4 00 00 00 00 00 00 00 00 00 00 
       00007DCE 00 00 00 00 00 00 00 00 00 00 
       00007DD8 00 00 00 00 00 00 00 00 00 00 
       00007DE2 00 00 00 00 00 00 00 00 00 00 
       00007DEC 00 00 00 00 00 00 00 00 00 00 
       00007DF6 00 00 00 00 00 00 00 00 
   107 00007DFE                                 
   108 00007DFE 55 AA                           	DB		0x55, 0xaa