     1 00000000                                 ; haribote-os
     2 00000000                                 ; TAB=4
     3 00000000                                 
     4 00000000                                 ; boot_info的信息保存地址（目前仍未被使用的地址）
     5  = 00000FF0                              CYLS EQU 0x0ff0		;	?定??区
     6  = 00000FF1                              LEDS EQU 0x0ff1		;
     7  = 00000FF2                              VMODE EQU 0x0ff2		;?于?色的信息，?色的位数
     8  = 00000FF4                              SCRNX EQU 0x0ff4		;分辨率X
     9  = 00000FF6                              SCRNY EQU 0x0ff6		;分辨率Y
    10  = 00000FF8                              VRAM EQU 0x0ff8		;?像?冲区的?始地址,video ram
    11 00000000                                 					;?存，用于?示画面
    12 00000000                                 
    13 00000000                                 
    14 00000000                                 
    15                                          	ORG		0xc200	; 用于告知??器要被?入内存的地方
    16 0000C200                                 
    17 0000C200 B0 13                           	MOV		AL,0x13	; VGA?形模式，320*200*8
    18 0000C202                                 					; 0x12:640*480*4
    19 0000C202 B4 00                           	MOV		AH,0x00
    20 0000C204 CD 10                           	INT		0x10	;
    21 0000C206                                 	
    22 0000C206 C6 06 0FF2 08                   	mov byte [VMODE],8	;???色信息
    23 0000C20B C7 06 0FF4 0140                 	mov word [SCRNX],320
    24 0000C211 C7 06 0FF6 00C8                 	mov word [SCRNY],200
    25 0000C217 66 C7 06 0FF8 000A0000          	mov dword [VRAM],0x000a0000
    26 0000C220                                 	
    27 0000C220                                 ; 用BIOS取得??上各?LED指示灯的状?
    28 0000C220 B4 02                           	mov ah,0x02	;2号功能?用
    29 0000C222                                 				;????上各特殊功能?的状?。
    30 0000C222                                 				;?行后，各?特殊功能?的状?放入AL寄存器中
    31 0000C222 CD 16                           	int 0x16	;keyboard bios
    32 0000C224 A2 0FF1                         	mov [LEDS],al;
    33 0000C227                                 	
    34 0000C227                                 	
    35 0000C227                                 fin:
    36 0000C227 F4                              	HLT
    37 0000C228 EB FD                           	JMP		fin
